#
# There is insufficient memory for the Java Runtime Environment to continue.
# Native memory allocation (malloc) failed to allocate 1233136 bytes for Chunk::new
# Possible reasons:
#   The system is out of physical RAM or swap space
#   In 32 bit mode, the process size limit was hit
# Possible solutions:
#   Reduce memory load on the system
#   Increase physical memory or swap space
#   Check if swap backing store is full
#   Use 64 bit Java on a 64 bit OS
#   Decrease Java heap size (-Xmx/-Xms)
#   Decrease number of Java threads
#   Decrease Java thread stack sizes (-Xss)
#   Set larger code cache with -XX:ReservedCodeCacheSize=
# This output file may be truncated or incomplete.
#
#  Out of Memory Error (allocation.cpp:390), pid=6668, tid=0x0000000000001a50
#
# JRE version: OpenJDK Runtime Environment (8.0_152-b06) (build 1.8.0_152-release-1136-b06)
# Java VM: OpenJDK 64-Bit Server VM (25.152-b06 mixed mode windows-amd64 compressed oops)
# Failed to write core dump. Minidumps are not enabled by default on client versions of Windows
#

---------------  T H R E A D  ---------------

Current thread (0x000000001852b000):  JavaThread "C2 CompilerThread0" daemon [_thread_in_native, id=6736, stack(0x0000000018cf0000,0x0000000018df0000)]

Stack: [0x0000000018cf0000,0x0000000018df0000]
[error occurred during error reporting (printing stack bounds), id 0xc0000005]

Native frames: (J=compiled Java code, j=interpreted, Vv=VM code, C=native code)


Current CompileTask:
C2:20768405 35519       4       com.android.tools.r8.ir.regalloc.LinearScanRegisterAllocator::performLinearScan (800 bytes)


---------------  P R O C E S S  ---------------

Java Threads: ( => current thread )
  0x000000001c6f7000 JavaThread "pool-70-thread-1" [_thread_blocked, id=8692, stack(0x000000007fdc0000,0x000000007fec0000)]
  0x000000001c6f7800 JavaThread "ForkJoinPool-180-worker-0" daemon [_thread_blocked, id=11584, stack(0x000000007fcc0000,0x000000007fdc0000)]
  0x000000001c6fb800 JavaThread "ForkJoinPool-180-worker-7" daemon [_thread_blocked, id=11352, stack(0x000000007fbc0000,0x000000007fcc0000)]
  0x000000001c6f6000 JavaThread "ForkJoinPool-180-worker-6" daemon [_thread_blocked, id=13524, stack(0x000000007fac0000,0x000000007fbc0000)]
  0x000000001c6fa800 JavaThread "ForkJoinPool-180-worker-5" daemon [_thread_blocked, id=11872, stack(0x000000007f9c0000,0x000000007fac0000)]
  0x000000001c5e4800 JavaThread "ForkJoinPool-180-worker-4" daemon [_thread_blocked, id=7008, stack(0x000000007f8c0000,0x000000007f9c0000)]
  0x000000001c5e0000 JavaThread "ForkJoinPool-180-worker-3" daemon [_thread_blocked, id=6824, stack(0x000000007f7c0000,0x000000007f8c0000)]
  0x000000001c5e3800 JavaThread "ForkJoinPool-180-worker-2" daemon [_thread_blocked, id=8952, stack(0x000000007f6c0000,0x000000007f7c0000)]
  0x000000001c5df000 JavaThread "ForkJoinPool-180-worker-1" daemon [_thread_blocked, id=15008, stack(0x000000007f5c0000,0x000000007f6c0000)]
  0x000000001c5e2000 JavaThread "ForkJoinPool.commonPool-worker-2" daemon [_thread_blocked, id=11796, stack(0x000000007f4c0000,0x000000007f5c0000)]
  0x000000001c5d7800 JavaThread "ForkJoinPool.commonPool-worker-1" daemon [_thread_blocked, id=6888, stack(0x000000007f3c0000,0x000000007f4c0000)]
  0x000000001c5de800 JavaThread "ForkJoinPool.commonPool-worker-0" daemon [_thread_blocked, id=2808, stack(0x000000007f2c0000,0x000000007f3c0000)]
  0x000000001c19f800 JavaThread "ForkJoinPool.commonPool-worker-7" daemon [_thread_blocked, id=11404, stack(0x000000007f1c0000,0x000000007f2c0000)]
  0x000000001c19f000 JavaThread "ForkJoinPool.commonPool-worker-6" daemon [_thread_blocked, id=7968, stack(0x000000007f0c0000,0x000000007f1c0000)]
  0x000000001c1a3800 JavaThread "ForkJoinPool.commonPool-worker-5" daemon [_thread_blocked, id=7816, stack(0x000000007efc0000,0x000000007f0c0000)]
  0x000000001c195800 JavaThread "ForkJoinPool.commonPool-worker-4" daemon [_thread_blocked, id=7148, stack(0x000000007eec0000,0x000000007efc0000)]
  0x000000002941b800 JavaThread "Build operations Thread 8" [_thread_blocked, id=8664, stack(0x000000007e3c0000,0x000000007e4c0000)]
  0x0000000029422000 JavaThread "Build operations Thread 7" [_thread_blocked, id=14536, stack(0x000000007e2c0000,0x000000007e3c0000)]
  0x000000002941a800 JavaThread "Build operations Thread 6" [_thread_blocked, id=2736, stack(0x000000007e1c0000,0x000000007e2c0000)]
  0x0000000029421800 JavaThread "Build operations Thread 5" [_thread_blocked, id=11152, stack(0x000000007e0c0000,0x000000007e1c0000)]
  0x0000000029420800 JavaThread "Build operations Thread 4" [_thread_blocked, id=11556, stack(0x000000007dfc0000,0x000000007e0c0000)]
  0x000000002941a000 JavaThread "Build operations Thread 3" [_thread_blocked, id=10576, stack(0x000000007dec0000,0x000000007dfc0000)]
  0x0000000029420000 JavaThread "Build operations Thread 2" [_thread_blocked, id=10220, stack(0x000000007ddc0000,0x000000007dec0000)]
  0x000000001be7d000 JavaThread "Build operations" [_thread_blocked, id=4568, stack(0x000000007dcc0000,0x000000007ddc0000)]
  0x000000001be83000 JavaThread "Cache worker for Artifact transforms cache (C:\Users\alexandra\.gradle\caches\transforms-1)" [_thread_blocked, id=15228, stack(0x000000007dbc0000,0x000000007dcc0000)]
  0x000000001be81800 JavaThread "Cache worker for file hash cache (C:\Users\alexandra\AndroidStudioProjects\Movies\.gradle\4.6\fileHashes)" [_thread_blocked, id=6504, stack(0x000000007dac0000,0x000000007dbc0000)]
  0x000000001be81000 JavaThread "Stdin handler" [_thread_blocked, id=3288, stack(0x000000007d9c0000,0x000000007dac0000)]
  0x000000001be79800 JavaThread "Asynchronous log dispatcher for DefaultDaemonConnection: socket connection from /127.0.0.1:49745 to /127.0.0.1:50455" [_thread_blocked, id=6716, stack(0x000000007d8c0000,0x000000007d9c0000)]
  0x000000001be80000 JavaThread "Cancel handler" [_thread_blocked, id=14920, stack(0x000000007d7c0000,0x000000007d8c0000)]
  0x000000001be78000 JavaThread "Handler for socket connection from /127.0.0.1:49745 to /127.0.0.1:50455" [_thread_in_native, id=14156, stack(0x000000007d6c0000,0x000000007d7c0000)]
  0x000000001c199800 JavaThread "Daemon worker Thread 23" [_thread_blocked, id=13708, stack(0x000000007bfc0000,0x000000007c0c0000)]
  0x000000001c198800 JavaThread "Daemon Thread 23" [_thread_blocked, id=5156, stack(0x000000007bcc0000,0x000000007bdc0000)]
  0x0000000025b6d000 JavaThread "pool-1-thread-1" [_thread_blocked, id=7540, stack(0x00000000333f0000,0x00000000334f0000)]
  0x000000001c5e3000 JavaThread "MarlinRenderer Disposer" daemon [_thread_blocked, id=13160, stack(0x000000002ae70000,0x000000002af70000)]
  0x000000001c5e0800 JavaThread "Java2D Disposer" daemon [_thread_blocked, id=4408, stack(0x0000000028dc0000,0x0000000028ec0000)]
  0x000000001be76800 JavaThread "Memory manager" [_thread_blocked, id=6796, stack(0x0000000022ac0000,0x0000000022bc0000)]
  0x000000001a97c800 JavaThread "File lock request listener" [_thread_in_native, id=13200, stack(0x000000001cf10000,0x000000001d010000)]
  0x000000001bca8000 JavaThread "Cache worker for file hash cache (C:\Users\alexandra\.gradle\caches\4.6\fileHashes)" [_thread_blocked, id=14548, stack(0x000000001cc10000,0x000000001cd10000)]
  0x000000001a40f800 JavaThread "Daemon periodic checks" [_thread_blocked, id=2196, stack(0x000000001b240000,0x000000001b340000)]
  0x000000001a3af800 JavaThread "Incoming local TCP Connector on port 49745" [_thread_in_native, id=6272, stack(0x000000001b000000,0x000000001b100000)]
  0x00000000185ca000 JavaThread "Service Thread" daemon [_thread_blocked, id=14852, stack(0x00000000190f0000,0x00000000191f0000)]
  0x0000000018535800 JavaThread "C1 CompilerThread3" daemon [_thread_blocked, id=4628, stack(0x0000000018ff0000,0x00000000190f0000)]
  0x0000000018530800 JavaThread "C2 CompilerThread2" daemon [_thread_in_native, id=4956, stack(0x0000000018ef0000,0x0000000018ff0000)]
  0x000000001852d000 JavaThread "C2 CompilerThread1" daemon [_thread_blocked, id=13620, stack(0x0000000018df0000,0x0000000018ef0000)]
=>0x000000001852b000 JavaThread "C2 CompilerThread0" daemon [_thread_in_native, id=6736, stack(0x0000000018cf0000,0x0000000018df0000)]
  0x0000000018528800 JavaThread "Attach Listener" daemon [_thread_blocked, id=6896, stack(0x0000000018bf0000,0x0000000018cf0000)]
  0x0000000018527000 JavaThread "Signal Dispatcher" daemon [_thread_blocked, id=14432, stack(0x0000000018af0000,0x0000000018bf0000)]
  0x0000000018520800 JavaThread "Finalizer" daemon [_thread_blocked, id=7184, stack(0x0000000018900000,0x0000000018a00000)]
  0x000000001661b800 JavaThread "Reference Handler" daemon [_thread_blocked, id=5908, stack(0x0000000018400000,0x0000000018500000)]
  0x0000000002762800 JavaThread "main" [_thread_blocked, id=2268, stack(0x0000000002620000,0x0000000002720000)]

Other Threads:
  0x0000000016615800 VMThread [stack: 0x0000000018300000,0x0000000018400000] [id=14264]
  0x00000000185ca800 WatcherThread [stack: 0x00000000191f0000,0x00000000192f0000] [id=14456]

VM state:not at safepoint (normal execution)

VM Mutex/Monitor currently owned by a thread: None

Heap:
 PSYoungGen      total 349696K, used 50429K [0x00000000e0000000, 0x0000000100000000, 0x0000000100000000)
  eden space 175104K, 10% used [0x00000000e0000000,0x00000000e1151ad0,0x00000000eab00000)
  from space 174592K, 18% used [0x00000000eab00000,0x00000000ecaedc28,0x00000000f5580000)
  to   space 174592K, 0% used [0x00000000f5580000,0x00000000f5580000,0x0000000100000000)
 ParOldGen       total 395264K, used 95207K [0x00000000a0000000, 0x00000000b8200000, 0x00000000e0000000)
  object space 395264K, 24% used [0x00000000a0000000,0x00000000a5cf9cb0,0x00000000b8200000)
 Metaspace       used 168596K, capacity 175596K, committed 176600K, reserved 1204224K
  class space    used 20123K, capacity 21491K, committed 21760K, reserved 1048576K

Card table byte_map: [0x0000000011c20000,0x0000000011f30000] byte_map_base: 0x0000000011720000

Marking Bits: (ParMarkBitMap*) 0x0000000055a45aa0
 Begin Bits: [0x0000000012930000, 0x0000000014130000)
 End Bits:   [0x0000000014130000, 0x0000000015930000)

Polling page: 0x0000000000df0000

CodeCache: size=245760Kb used=96530Kb max_used=96550Kb free=149229Kb
 bounds [0x0000000002860000, 0x0000000008750000, 0x0000000011860000]
 total_blobs=27430 nmethods=26364 adapters=975
 compilation: enabled

Compilation events (10 events):
Event: 20768.348 Thread 0x0000000018535800 nmethod 35549 0x000000000493e8d0 code [0x000000000493ea20, 0x000000000493eb30]
Event: 20768.350 Thread 0x0000000018535800 35550       3       org.gradle.tooling.internal.adapter.ProtocolToModelAdapter$MethodInvocationCache$MethodInvocationKey::equals (89 bytes)
Event: 20768.351 Thread 0x0000000018535800 nmethod 35550 0x0000000008734810 code [0x0000000008734a80, 0x0000000008736028]
Event: 20768.351 Thread 0x0000000018535800 35552       1       com.google.gson.stream.JsonReader::setLenient (6 bytes)
Event: 20768.351 Thread 0x0000000018535800 nmethod 35552 0x000000000872d090 code [0x000000000872d1e0, 0x000000000872d2f0]
Event: 20768.351 Thread 0x0000000018535800 35551       3       org.gradle.tooling.internal.adapter.ProtocolToModelAdapter$MethodInvocationCache$MethodInvocationKey::isDirty (26 bytes)
Event: 20768.352 Thread 0x0000000018535800 nmethod 35551 0x00000000085f7810 code [0x00000000085f79a0, 0x00000000085f7e90]
Event: 20768.352 Thread 0x0000000018535800 35553   !   3       sun.reflect.GeneratedMethodAccessor57::invoke (61 bytes)
Event: 20768.352 Thread 0x0000000018535800 nmethod 35553 0x0000000008733b90 code [0x0000000008733d80, 0x0000000008734478]
Event: 20768.377 Thread 0x000000001852d000 nmethod 35548 0x000000000873ce50 code [0x000000000873d140, 0x000000000873f200]

GC Heap History (10 events):
Event: 20677.437 GC heap before
{Heap before GC invocations=61 (full 5):
 PSYoungGen      total 349696K, used 271100K [0x00000000e0000000, 0x0000000100000000, 0x0000000100000000)
  eden space 175104K, 100% used [0x00000000e0000000,0x00000000eab00000,0x00000000eab00000)
  from space 174592K, 54% used [0x00000000eab00000,0x00000000f08bf370,0x00000000f5580000)
  to   space 174592K, 0% used [0x00000000f5580000,0x00000000f5580000,0x0000000100000000)
 ParOldGen       total 326656K, used 246480K [0x00000000a0000000, 0x00000000b3f00000, 0x00000000e0000000)
  object space 326656K, 75% used [0x00000000a0000000,0x00000000af0b4008,0x00000000b3f00000)
 Metaspace       used 168774K, capacity 176058K, committed 176344K, reserved 1204224K
  class space    used 20170K, capacity 21580K, committed 21760K, reserved 1048576K
Event: 20677.471 GC heap after
Heap after GC invocations=61 (full 5):
 PSYoungGen      total 349696K, used 82458K [0x00000000e0000000, 0x0000000100000000, 0x0000000100000000)
  eden space 175104K, 0% used [0x00000000e0000000,0x00000000e0000000,0x00000000eab00000)
  from space 174592K, 47% used [0x00000000f5580000,0x00000000fa606ad0,0x0000000100000000)
  to   space 174592K, 0% used [0x00000000eab00000,0x00000000eab00000,0x00000000f5580000)
 ParOldGen       total 326656K, used 258110K [0x00000000a0000000, 0x00000000b3f00000, 0x00000000e0000000)
  object space 326656K, 79% used [0x00000000a0000000,0x00000000afc0f850,0x00000000b3f00000)
 Metaspace       used 168774K, capacity 176058K, committed 176344K, reserved 1204224K
  class space    used 20170K, capacity 21580K, committed 21760K, reserved 1048576K
}
Event: 20764.953 GC heap before
{Heap before GC invocations=62 (full 5):
 PSYoungGen      total 349696K, used 257562K [0x00000000e0000000, 0x0000000100000000, 0x0000000100000000)
  eden space 175104K, 100% used [0x00000000e0000000,0x00000000eab00000,0x00000000eab00000)
  from space 174592K, 47% used [0x00000000f5580000,0x00000000fa606ad0,0x0000000100000000)
  to   space 174592K, 0% used [0x00000000eab00000,0x00000000eab00000,0x00000000f5580000)
 ParOldGen       total 326656K, used 258110K [0x00000000a0000000, 0x00000000b3f00000, 0x00000000e0000000)
  object space 326656K, 79% used [0x00000000a0000000,0x00000000afc0f850,0x00000000b3f00000)
 Metaspace       used 168872K, capacity 176100K, committed 176344K, reserved 1204224K
  class space    used 20174K, capacity 21587K, committed 21760K, reserved 1048576K
Event: 20764.990 GC heap after
Heap after GC invocations=62 (full 5):
 PSYoungGen      total 349696K, used 57235K [0x00000000e0000000, 0x0000000100000000, 0x0000000100000000)
  eden space 175104K, 0% used [0x00000000e0000000,0x00000000e0000000,0x00000000eab00000)
  from space 174592K, 32% used [0x00000000eab00000,0x00000000ee2e4e38,0x00000000f5580000)
  to   space 174592K, 0% used [0x00000000f5580000,0x00000000f5580000,0x0000000100000000)
 ParOldGen       total 326656K, used 292061K [0x00000000a0000000, 0x00000000b3f00000, 0x00000000e0000000)
  object space 326656K, 89% used [0x00000000a0000000,0x00000000b1d377c8,0x00000000b3f00000)
 Metaspace       used 168872K, capacity 176100K, committed 176344K, reserved 1204224K
  class space    used 20174K, capacity 21587K, committed 21760K, reserved 1048576K
}
Event: 20764.990 GC heap before
{Heap before GC invocations=63 (full 6):
 PSYoungGen      total 349696K, used 57235K [0x00000000e0000000, 0x0000000100000000, 0x0000000100000000)
  eden space 175104K, 0% used [0x00000000e0000000,0x00000000e0000000,0x00000000eab00000)
  from space 174592K, 32% used [0x00000000eab00000,0x00000000ee2e4e38,0x00000000f5580000)
  to   space 174592K, 0% used [0x00000000f5580000,0x00000000f5580000,0x0000000100000000)
 ParOldGen       total 326656K, used 292061K [0x00000000a0000000, 0x00000000b3f00000, 0x00000000e0000000)
  object space 326656K, 89% used [0x00000000a0000000,0x00000000b1d377c8,0x00000000b3f00000)
 Metaspace       used 168872K, capacity 176100K, committed 176344K, reserved 1204224K
  class space    used 20174K, capacity 21587K, committed 21760K, reserved 1048576K
Event: 20765.349 GC heap after
Heap after GC invocations=63 (full 6):
 PSYoungGen      total 349696K, used 0K [0x00000000e0000000, 0x0000000100000000, 0x0000000100000000)
  eden space 175104K, 0% used [0x00000000e0000000,0x00000000e0000000,0x00000000eab00000)
  from space 174592K, 0% used [0x00000000eab00000,0x00000000eab00000,0x00000000f5580000)
  to   space 174592K, 0% used [0x00000000f5580000,0x00000000f5580000,0x0000000100000000)
 ParOldGen       total 395264K, used 95199K [0x00000000a0000000, 0x00000000b8200000, 0x00000000e0000000)
  object space 395264K, 24% used [0x00000000a0000000,0x00000000a5cf7cb0,0x00000000b8200000)
 Metaspace       used 161556K, capacity 168500K, committed 176344K, reserved 1204224K
  class space    used 19338K, capacity 20669K, committed 21760K, reserved 1048576K
}
Event: 20766.101 GC heap before
{Heap before GC invocations=64 (full 6):
 PSYoungGen      total 349696K, used 175104K [0x00000000e0000000, 0x0000000100000000, 0x0000000100000000)
  eden space 175104K, 100% used [0x00000000e0000000,0x00000000eab00000,0x00000000eab00000)
  from space 174592K, 0% used [0x00000000eab00000,0x00000000eab00000,0x00000000f5580000)
  to   space 174592K, 0% used [0x00000000f5580000,0x00000000f5580000,0x0000000100000000)
 ParOldGen       total 395264K, used 95199K [0x00000000a0000000, 0x00000000b8200000, 0x00000000e0000000)
  object space 395264K, 24% used [0x00000000a0000000,0x00000000a5cf7cb0,0x00000000b8200000)
 Metaspace       used 168509K, capacity 175500K, committed 176344K, reserved 1204224K
  class space    used 20120K, capacity 21459K, committed 21760K, reserved 1048576K
Event: 20766.135 GC heap after
Heap after GC invocations=64 (full 6):
 PSYoungGen      total 349696K, used 104165K [0x00000000e0000000, 0x0000000100000000, 0x0000000100000000)
  eden space 175104K, 0% used [0x00000000e0000000,0x00000000e0000000,0x00000000eab00000)
  from space 174592K, 59% used [0x00000000f5580000,0x00000000fbb39570,0x0000000100000000)
  to   space 174592K, 0% used [0x00000000eab00000,0x00000000eab00000,0x00000000f5580000)
 ParOldGen       total 395264K, used 95207K [0x00000000a0000000, 0x00000000b8200000, 0x00000000e0000000)
  object space 395264K, 24% used [0x00000000a0000000,0x00000000a5cf9cb0,0x00000000b8200000)
 Metaspace       used 168509K, capacity 175500K, committed 176344K, reserved 1204224K
  class space    used 20120K, capacity 21459K, committed 21760K, reserved 1048576K
}
Event: 20768.122 GC heap before
{Heap before GC invocations=65 (full 6):
 PSYoungGen      total 349696K, used 279107K [0x00000000e0000000, 0x0000000100000000, 0x0000000100000000)
  eden space 175104K, 99% used [0x00000000e0000000,0x00000000eaad77e8,0x00000000eab00000)
  from space 174592K, 59% used [0x00000000f5580000,0x00000000fbb39570,0x0000000100000000)
  to   space 174592K, 0% used [0x00000000eab00000,0x00000000eab00000,0x00000000f5580000)
 ParOldGen       total 395264K, used 95207K [0x00000000a0000000, 0x00000000b8200000, 0x00000000e0000000)
  object space 395264K, 24% used [0x00000000a0000000,0x00000000a5cf9cb0,0x00000000b8200000)
 Metaspace       used 168593K, capacity 175596K, committed 176600K, reserved 1204224K
  class space    used 20123K, capacity 21491K, committed 21760K, reserved 1048576K
Event: 20768.139 GC heap after
Heap after GC invocations=65 (full 6):
 PSYoungGen      total 349696K, used 32695K [0x00000000e0000000, 0x0000000100000000, 0x0000000100000000)
  eden space 175104K, 0% used [0x00000000e0000000,0x00000000e0000000,0x00000000eab00000)
  from space 174592K, 18% used [0x00000000eab00000,0x00000000ecaedc28,0x00000000f5580000)
  to   space 174592K, 0% used [0x00000000f5580000,0x00000000f5580000,0x0000000100000000)
 ParOldGen       total 395264K, used 95207K [0x00000000a0000000, 0x00000000b8200000, 0x00000000e0000000)
  object space 395264K, 24% used [0x00000000a0000000,0x00000000a5cf9cb0,0x00000000b8200000)
 Metaspace       used 168593K, capacity 175596K, committed 176600K, reserved 1204224K
  class space    used 20123K, capacity 21491K, committed 21760K, reserved 1048576K
}

Deoptimization events (10 events):
Event: 20466.278 Thread 0x0000000029424800 Uncommon trap: reason=unstable_if action=reinterpret pc=0x00000000084fb6f4 method=android.databinding.tool.reflection.SdkUtil$ApiChecker.buildFullLookup()V @ 49
Event: 20535.247 Thread 0x000000001be78000 Uncommon trap: reason=null_check action=make_not_entrant pc=0x0000000006b6ccac method=java.lang.ThreadLocal$ThreadLocalMap.set(Ljava/lang/ThreadLocal;Ljava/lang/Object;)V @ 36
Event: 20677.655 Thread 0x000000001be78000 Uncommon trap: reason=class_check action=maybe_recompile pc=0x00000000085f7c0c method=org.gradle.api.internal.tasks.PublicTaskSpecification.isSatisfiedBy(Ljava/lang/Object;)Z @ 2
Event: 20677.655 Thread 0x000000001be78000 Uncommon trap: reason=class_check action=maybe_recompile pc=0x00000000085f7c0c method=org.gradle.api.internal.tasks.PublicTaskSpecification.isSatisfiedBy(Ljava/lang/Object;)Z @ 2
Event: 20677.655 Thread 0x000000001be78000 Uncommon trap: reason=class_check action=maybe_recompile pc=0x00000000085f7c0c method=org.gradle.api.internal.tasks.PublicTaskSpecification.isSatisfiedBy(Ljava/lang/Object;)Z @ 2
Event: 20677.655 Thread 0x000000001be78000 Uncommon trap: reason=class_check action=maybe_recompile pc=0x00000000085f7c0c method=org.gradle.api.internal.tasks.PublicTaskSpecification.isSatisfiedBy(Ljava/lang/Object;)Z @ 2
Event: 20765.605 Thread 0x000000002941d000 Uncommon trap: reason=unstable_if action=reinterpret pc=0x0000000006b6f934 method=org.sqlite.SQLiteJDBCLoader.contentsEquals(Ljava/io/InputStream;Ljava/io/InputStream;)Z @ 39
Event: 20766.145 Thread 0x000000002941d000 Uncommon trap: reason=unstable_if action=reinterpret pc=0x0000000008695240 method=android.databinding.tool.reflection.SdkUtil$ApiChecker.buildFullLookup()V @ 49
Event: 20767.885 Thread 0x000000001be76800 Uncommon trap: reason=unstable_if action=reinterpret pc=0x00000000083b2054 method=org.gradle.process.internal.health.memory.DefaultMemoryManager.doRequestFreeMemory(JJ)J @ 78
Event: 20767.890 Thread 0x000000001be76800 Uncommon trap: reason=class_check action=maybe_recompile pc=0x0000000007f65138 method=org.gradle.util.CollectionUtils.toMutableList(Ljava/lang/Iterable;)Ljava/util/List; @ 22

Classes redefined (0 events):
No events

Internal exceptions (10 events):
Event: 20534.666 Thread 0x000000001be78000 Exception <a 'sun/nio/fs/WindowsException'> (0x00000000e9d12a70) thrown at [D:\src\AOSP-openjdk-cygwin\jdk8u\hotspot\src\share\vm\prims\jni.cpp, line 709]
Event: 20535.247 Thread 0x000000001be78000 Implicit null exception at 0x0000000006b68f8c to 0x0000000006b6cc7d
Event: 20599.708 Thread 0x000000002941d000 Exception <a 'sun/nio/fs/WindowsException'> (0x00000000e394a080) thrown at [D:\src\AOSP-openjdk-cygwin\jdk8u\hotspot\src\share\vm\prims\jni.cpp, line 709]
Event: 20677.068 Thread 0x000000001be78000 Exception <a 'sun/nio/fs/WindowsException'> (0x00000000e7db4088) thrown at [D:\src\AOSP-openjdk-cygwin\jdk8u\hotspot\src\share\vm\prims\jni.cpp, line 709]
Event: 20743.162 Thread 0x000000001c199800 Exception <a 'sun/nio/fs/WindowsException'> (0x00000000e181cfb0) thrown at [D:\src\AOSP-openjdk-cygwin\jdk8u\hotspot\src\share\vm\prims\jni.cpp, line 709]
Event: 20764.243 Thread 0x000000001c199800 Exception <a 'sun/nio/fs/WindowsException'> (0x00000000e5b9ecf8) thrown at [D:\src\AOSP-openjdk-cygwin\jdk8u\hotspot\src\share\vm\prims\jni.cpp, line 709]
Event: 20768.027 Thread 0x000000001c19f000 Exception <a 'sun/nio/fs/WindowsException'> (0x00000000ea329910) thrown at [D:\src\AOSP-openjdk-cygwin\jdk8u\hotspot\src\share\vm\prims\jni.cpp, line 709]
Event: 20768.066 Thread 0x000000001c19f000 Exception <a 'sun/nio/fs/WindowsException'> (0x00000000eaa8e848) thrown at [D:\src\AOSP-openjdk-cygwin\jdk8u\hotspot\src\share\vm\prims\jni.cpp, line 709]
Event: 20768.198 Thread 0x000000001c5df000 Exception <a 'sun/nio/fs/WindowsException'> (0x00000000e0550858) thrown at [D:\src\AOSP-openjdk-cygwin\jdk8u\hotspot\src\share\vm\prims\jni.cpp, line 709]
Event: 20768.204 Thread 0x000000001c5e4800 Exception <a 'sun/nio/fs/WindowsException'> (0x00000000e07eb840) thrown at [D:\src\AOSP-openjdk-cygwin\jdk8u\hotspot\src\share\vm\prims\jni.cpp, line 709]

Events (10 events):
Event: 20768.355 Executing VM operation: RevokeBias done
Event: 20768.356 Executing VM operation: BulkRevokeBias
Event: 20768.356 Executing VM operation: BulkRevokeBias done
Event: 20768.356 Thread 0x0000000029423000 Thread exited: 0x0000000029423000
Event: 20768.360 Thread 0x000000002941c000 Thread exited: 0x000000002941c000
Event: 20768.360 Executing VM operation: RevokeBias
Event: 20768.361 Executing VM operation: RevokeBias done
Event: 20768.374 Thread 0x0000000029423800 Thread exited: 0x0000000029423800
Event: 20768.374 Executing VM operation: RevokeBias
Event: 20768.374 Executing VM operation: RevokeBias done


Dynamic libraries:
0x00007ff69f3f0000 - 0x00007ff69f421000 	C:\Program Files\Android\Android Studio\jre\bin\java.exe
0x00007ffbad2f0000 - 0x00007ffbad4d1000 	C:\WINDOWS\SYSTEM32\ntdll.dll
0x00007ffbad200000 - 0x00007ffbad2b2000 	C:\WINDOWS\System32\KERNEL32.DLL
0x00007ffbaa120000 - 0x00007ffbaa393000 	C:\WINDOWS\System32\KERNELBASE.dll
0x00007ffbab270000 - 0x00007ffbab311000 	C:\WINDOWS\System32\ADVAPI32.dll
0x00007ffbace40000 - 0x00007ffbacede000 	C:\WINDOWS\System32\msvcrt.dll
0x00007ffbaa920000 - 0x00007ffbaa97b000 	C:\WINDOWS\System32\sechost.dll
0x00007ffbab510000 - 0x00007ffbab634000 	C:\WINDOWS\System32\RPCRT4.dll
0x00007ffbaafd0000 - 0x00007ffbab160000 	C:\WINDOWS\System32\USER32.dll
0x00007ffbaa760000 - 0x00007ffbaa780000 	C:\WINDOWS\System32\win32u.dll
0x00007ffbab660000 - 0x00007ffbab688000 	C:\WINDOWS\System32\GDI32.dll
0x00007ffbaa490000 - 0x00007ffbaa622000 	C:\WINDOWS\System32\gdi32full.dll
0x00007ffbaa3a0000 - 0x00007ffbaa43f000 	C:\WINDOWS\System32\msvcp_win.dll
0x00007ffba96c0000 - 0x00007ffba97ba000 	C:\WINDOWS\System32\ucrtbase.dll
0x00007ffb95a60000 - 0x00007ffb95cc9000 	C:\WINDOWS\WinSxS\amd64_microsoft.windows.common-controls_6595b64144ccf1df_6.0.17134.523_none_fb409dd930672a56\COMCTL32.dll
0x00007ffbacb10000 - 0x00007ffbace32000 	C:\WINDOWS\System32\combase.dll
0x00007ffbaa6e0000 - 0x00007ffbaa75a000 	C:\WINDOWS\System32\bcryptPrimitives.dll
0x00007ffbab690000 - 0x00007ffbab6bd000 	C:\WINDOWS\System32\IMM32.DLL
0x00000000574c0000 - 0x0000000057592000 	C:\Program Files\Android\Android Studio\jre\jre\bin\msvcr100.dll
0x0000000055280000 - 0x0000000055ac1000 	C:\Program Files\Android\Android Studio\jre\jre\bin\server\jvm.dll
0x00007ffbacb00000 - 0x00007ffbacb08000 	C:\WINDOWS\System32\PSAPI.DLL
0x00007ffb96910000 - 0x00007ffb96919000 	C:\WINDOWS\SYSTEM32\WSOCK32.dll
0x00007ffba7780000 - 0x00007ffba77a3000 	C:\WINDOWS\SYSTEM32\WINMM.dll
0x00007ffba2570000 - 0x00007ffba257a000 	C:\WINDOWS\SYSTEM32\VERSION.dll
0x00007ffbab320000 - 0x00007ffbab38c000 	C:\WINDOWS\System32\WS2_32.dll
0x00007ffba7310000 - 0x00007ffba733a000 	C:\WINDOWS\SYSTEM32\winmmbase.dll
0x00007ffbaa440000 - 0x00007ffbaa489000 	C:\WINDOWS\System32\cfgmgr32.dll
0x00007ffba5820000 - 0x00007ffba582f000 	C:\Program Files\Android\Android Studio\jre\jre\bin\verify.dll
0x00007ffb9e050000 - 0x00007ffb9e079000 	C:\Program Files\Android\Android Studio\jre\jre\bin\java.dll
0x00007ffb9e000000 - 0x00007ffb9e016000 	C:\Program Files\Android\Android Studio\jre\jre\bin\zip.dll
0x00007ffbab6c0000 - 0x00007ffbacb00000 	C:\WINDOWS\System32\SHELL32.dll
0x00007ffbaadd0000 - 0x00007ffbaae79000 	C:\WINDOWS\System32\shcore.dll
0x00007ffba9a10000 - 0x00007ffbaa11d000 	C:\WINDOWS\System32\windows.storage.dll
0x00007ffbaae80000 - 0x00007ffbaaed1000 	C:\WINDOWS\System32\shlwapi.dll
0x00007ffba9690000 - 0x00007ffba96a1000 	C:\WINDOWS\System32\kernel.appcore.dll
0x00007ffba9620000 - 0x00007ffba963f000 	C:\WINDOWS\System32\profapi.dll
0x00007ffba9640000 - 0x00007ffba968c000 	C:\WINDOWS\System32\powrprof.dll
0x00007ffba96b0000 - 0x00007ffba96ba000 	C:\WINDOWS\System32\FLTLIB.DLL
0x00007ffb9dfb0000 - 0x00007ffb9dfca000 	C:\Program Files\Android\Android Studio\jre\jre\bin\net.dll
0x00007ffba8e80000 - 0x00007ffba8ee6000 	C:\WINDOWS\system32\mswsock.dll
0x00007ffb9df90000 - 0x00007ffb9dfa1000 	C:\Program Files\Android\Android Studio\jre\jre\bin\nio.dll
0x00007ffb98a60000 - 0x00007ffb98a7e000 	C:\Users\alexandra\.gradle\native\25\windows-amd64\native-platform.dll
0x00007ffba5810000 - 0x00007ffba581d000 	C:\Program Files\Android\Android Studio\jre\jre\bin\management.dll
0x00007ffba9030000 - 0x00007ffba9047000 	C:\WINDOWS\SYSTEM32\CRYPTSP.dll
0x00007ffba8a60000 - 0x00007ffba8a93000 	C:\WINDOWS\system32\rsaenh.dll
0x00007ffba9160000 - 0x00007ffba9185000 	C:\WINDOWS\SYSTEM32\bcrypt.dll
0x00007ffba9530000 - 0x00007ffba9558000 	C:\WINDOWS\SYSTEM32\USERENV.dll
0x00007ffba9050000 - 0x00007ffba905b000 	C:\WINDOWS\SYSTEM32\CRYPTBASE.dll
0x00007ffba8c00000 - 0x00007ffba8c38000 	C:\WINDOWS\SYSTEM32\IPHLPAPI.DLL
0x00007ffbad110000 - 0x00007ffbad118000 	C:\WINDOWS\System32\NSI.dll
0x00007ffba1890000 - 0x00007ffba18a6000 	C:\WINDOWS\SYSTEM32\dhcpcsvc6.DLL
0x00007ffba1870000 - 0x00007ffba188a000 	C:\WINDOWS\SYSTEM32\dhcpcsvc.DLL
0x00007ffb98f80000 - 0x00007ffb98fa4000 	C:\Program Files\Android\Android Studio\jre\jre\bin\sunec.dll
0x00007ffba2870000 - 0x00007ffba287b000 	C:\Program Files\Android\Android Studio\jre\jre\bin\sunmscapi.dll
0x00007ffba97c0000 - 0x00007ffba99a2000 	C:\WINDOWS\System32\CRYPT32.dll
0x00007ffba9600000 - 0x00007ffba9612000 	C:\WINDOWS\System32\MSASN1.dll
0x00007ffb748c0000 - 0x00007ffb74a57000 	C:\Program Files\Android\Android Studio\jre\jre\bin\awt.dll
0x00007ffbad040000 - 0x00007ffbad102000 	C:\WINDOWS\System32\OLEAUT32.dll
0x00007ffba6ba0000 - 0x00007ffba7167000 	C:\WINDOWS\SYSTEM32\d2d1.dll
0x00007ffba7a30000 - 0x00007ffba7abb000 	C:\WINDOWS\SYSTEM32\apphelp.dll
0x00007ffba7d70000 - 0x00007ffba7d99000 	C:\WINDOWS\system32\DWMAPI.DLL
0x00007ffba7c90000 - 0x00007ffba7d28000 	C:\WINDOWS\system32\uxtheme.dll
0x00007ffba86f0000 - 0x00007ffba8721000 	C:\WINDOWS\SYSTEM32\ntmarta.dll
0x00007ffba8c50000 - 0x00007ffba8d0e000 	C:\WINDOWS\SYSTEM32\DNSAPI.dll
0x00007ffb9db70000 - 0x00007ffb9db7a000 	C:\Windows\System32\rasadhlp.dll
0x00007ffb9e660000 - 0x00007ffb9e6d2000 	C:\WINDOWS\System32\fwpuclnt.dll
0x00000000247b0000 - 0x00000000248a2000 	C:\Users\alexandra\AppData\Local\Temp\room-8505a1e9-c383-4c83-b0bd-606f43299eb1\sqlite-3.20.1-b4b1ac0b-142d-43c3-acbe-d182ae74f18a-sqlitejdbc.dll
0x000000006adc0000 - 0x000000006aeb2000 	C:\Users\alexandra\AppData\Local\Temp\room-e2594a82-62fc-4d3c-8d4f-25b0c1ab094a\sqlite-3.20.1-417fbc6a-3f69-45f4-b885-c6cc3097508a-sqlitejdbc.dll

VM Arguments:
jvm_args: -Xmx1536m -Dfile.encoding=windows-1252 -Duser.country=CA -Duser.language=en -Duser.variant 
java_command: org.gradle.launcher.daemon.bootstrap.GradleDaemon 4.6
java_class_path (initial): C:\Users\alexandra\.gradle\wrapper\dists\gradle-4.6-all\bcst21l2brirad8k2ben1letg\gradle-4.6\lib\gradle-launcher-4.6.jar
Launcher Type: SUN_STANDARD

Environment Variables:
JAVA_HOME=C:\Program Files\Java\jdk1.8.0_181
USERNAME=alexandra
OS=Windows_NT
PROCESSOR_IDENTIFIER=Intel64 Family 6 Model 158 Stepping 10, GenuineIntel



---------------  S Y S T E M  ---------------

OS: Windows 10.0 , 64 bit Build 17134 (10.0.17134.1)

CPU:total 8 (initial active 8) (4 cores per cpu, 2 threads per core) family 6 model 158 stepping 10, cmov, cx8, fxsr, mmx, sse, sse2, sse3, ssse3, sse4.1, sse4.2, popcnt, avx, avx2, aes, clmul, erms, 3dnowpref, lzcnt, ht, tsc, tscinvbit, bmi1, bmi2, adx

Memory: 4k page, physical 8227124k(740376k free), swap 12323124k(6476k free)

vm_info: OpenJDK 64-Bit Server VM (25.152-b06) for windows-amd64 JRE (1.8.0_152-release-1136-b06), built by "builder" with MS VC++ 10.0 (VS2010)

time: Sun Jan 13 21:06:37 2019
elapsed time: 20768 seconds (0d 5h 46m 8s)

